========================== BEGIN PCGNE =========================
Iteration   |  Residual Norm |  Gradient Norm
         1    8.47546309e-02   5.84213495e+00
         2    3.63002904e-02   1.22545612e+00
         3    2.33107433e-02   5.92927992e-01
         4    1.64537467e-02   3.62347007e-01
         5    1.27633410e-02   2.51576632e-01
         6    1.04413973e-02   1.89498976e-01
         7    8.89221951e-03   1.50850028e-01
         8    7.73701491e-03   1.24921665e-01
         9    6.83860667e-03   1.06633529e-01
        10    6.15785411e-03   9.28900987e-02
-----------------------------------------------
        11    5.63076604e-03   8.26346129e-02
=========================== END PCGNE ==========================

 ****************** CGNE summary *****************  
initial residual norm      = 8.47546309e-02
residual norm              = 5.63076604e-03
residual redn              = 6.64360896e-02
initial gradient norm      = 5.84213495e+00
gradient norm              = 8.26346129e-02
gradient redn              = 1.41445920e-02
