========================== BEGIN CGNE =========================
Iteration   |  Residual Norm |  Gradient Norm
         1    3.61942760e+07   7.93376953e+04
         2    3.61748000e+07   7.91789922e+04
         3    3.61746200e+07   7.91789844e+04
         4    3.61744360e+07   7.91789766e+04
         5    3.61742520e+07   7.91789609e+04
         6    3.61740640e+07   7.91789453e+04
         7    3.61738760e+07   7.91789141e+04
         8    3.61736960e+07   7.91788906e+04
         9    3.61735040e+07   7.91788594e+04
        10    3.61733200e+07   7.91788281e+04
-----------------------------------------------
        11    3.61731280e+07   7.91787891e+04
=========================== END CGNE ==========================

 ****************** CGNE summary *****************  
initial residual norm      = 3.61942760e+07
residual norm              = 3.61731280e+07
residual redn              = 9.99415696e-01
initial gradient norm      = 7.93376953e+04
gradient norm              = 7.91787891e+04
gradient redn              = 9.97997105e-01
