========================== BEGIN PCGNE =========================
Iteration   |  Residual Norm |  Gradient Norm
         1    3.61942760e+07   6.97453414e+09
         2    1.79482460e+07   1.46003482e+09
         3    1.37760450e+07   8.51885056e+08
         4    1.27824910e+07   6.87402240e+08
         5    1.21616660e+07   5.82371328e+08
         6    1.18107840e+07   5.28822528e+08
         7    1.16727270e+07   5.10022720e+08
         8    1.15218420e+07   5.10087392e+08
         9    1.14224990e+07   5.24604320e+08
        10    1.13952940e+07   5.46541504e+08
-----------------------------------------------
        11    1.13722080e+07   5.78860736e+08
=========================== END PCGNE ==========================

 ****************** CGNE summary *****************  
initial residual norm      = 3.61942760e+07
residual norm              = 1.13722080e+07
residual redn              = 3.14199060e-01
initial gradient norm      = 6.97453414e+09
gradient norm              = 5.78860736e+08
gradient redn              = 8.29963312e-02
