========================== BEGIN PCGNE =========================
Iteration   |  Residual Norm |  Gradient Norm
         1    3.41008200e+07   6.85981747e+09
         2    1.39656240e+07   1.23114752e+09
         3    7.75923700e+06   6.65971008e+08
         4    5.91732400e+06   5.09347264e+08
         5    4.43219300e+06   4.28311776e+08
         6    3.54653875e+06   3.54331264e+08
         7    3.15630350e+06   3.20751744e+08
         8    2.76597625e+06   3.12893312e+08
         9    2.48779025e+06   3.14934816e+08
        10    2.39082150e+06   3.25514784e+08
-----------------------------------------------
        11    2.37100050e+06   3.39942336e+08
=========================== END PCGNE ==========================

 ****************** CGNE summary *****************  
initial residual norm      = 3.41008200e+07
residual norm              = 2.37100050e+06
residual redn              = 6.95291311e-02
initial gradient norm      = 6.85981747e+09
gradient norm              = 3.39942336e+08
gradient redn              = 4.95555960e-02
