This is pdfTeX, Version 3.14159265-2.6-1.40.20 (TeX Live 2019) (preloaded format=pdflatex 2019.6.27)  1 APR 2022 18:05
entering extended mode
 restricted \write18 enabled.
 %&-line parsing enabled.
**paper.tex
(./paper.tex
LaTeX2e <2018-12-01>
(./geophysics.cls
Document Class: geophysics 2007/02/14 v3.0 Geophysics paper
(/usr/local/texlive/2019/texmf-dist/tex/latex/base/ifthen.sty
Package: ifthen 2014/09/29 v1.1c Standard LaTeX ifthen package (DPC)
)
(/usr/local/texlive/2019/texmf-dist/tex/latex/base/article.cls
Document Class: article 2018/09/03 v1.4i Standard LaTeX document class
(/usr/local/texlive/2019/texmf-dist/tex/latex/base/size12.clo
File: size12.clo 2018/09/03 v1.4i Standard LaTeX file (size option)
)
\c@part=\count80
\c@section=\count81
\c@subsection=\count82
\c@subsubsection=\count83
\c@paragraph=\count84
\c@subparagraph=\count85
\c@figure=\count86
\c@table=\count87
\abovecaptionskip=\skip41
\belowcaptionskip=\skip42
\bibindent=\dimen102
) (./seg.sty
(/usr/local/texlive/2019/texmf-dist/tex/generic/oberdiek/ifpdf.sty
Package: ifpdf 2018/09/07 v3.3 Provides the ifpdf switch
)
(/usr/local/texlive/2019/texmf-dist/tex/latex/graphics/graphicx.sty
Package: graphicx 2017/06/01 v1.1a Enhanced LaTeX Graphics (DPC,SPQR)

(/usr/local/texlive/2019/texmf-dist/tex/latex/graphics/keyval.sty
Package: keyval 2014/10/28 v1.15 key=value parser (DPC)
\KV@toks@=\toks14
)
(/usr/local/texlive/2019/texmf-dist/tex/latex/graphics/graphics.sty
Package: graphics 2017/06/25 v1.2c Standard LaTeX Graphics (DPC,SPQR)

(/usr/local/texlive/2019/texmf-dist/tex/latex/graphics/trig.sty
Package: trig 2016/01/03 v1.10 sin cos tan (DPC)
)
(/usr/local/texlive/2019/texmf-dist/tex/latex/graphics-cfg/graphics.cfg
File: graphics.cfg 2016/06/04 v1.11 sample graphics configuration
)
Package graphics Info: Driver file: pdftex.def on input line 99.

(/usr/local/texlive/2019/texmf-dist/tex/latex/graphics-def/pdftex.def
File: pdftex.def 2018/01/08 v1.0l Graphics/color driver for pdftex
))
\Gin@req@height=\dimen103
\Gin@req@width=\dimen104
)
(/usr/local/texlive/2019/texmf-dist/tex/latex/tools/verbatim.sty
Package: verbatim 2014/10/28 v1.5q LaTeX2e package for verbatim enhancements
\every@verbatim=\toks15
\verbatim@line=\toks16
\verbatim@in@stream=\read1
)
(/usr/local/texlive/2019/texmf-dist/tex/latex/moreverb/moreverb.sty
Package: moreverb 2008/06/03 v2.3a `more' verbatim facilities
\tab@position=\count88
\tab@size=\count89
\listing@line=\count90
))
\c@@plots=\count91

(/usr/local/texlive/2019/texmf-dist/tex/latex/subfig/subfig.sty
Package: subfig 2005/06/28 ver: 1.3 subfig package

(/usr/local/texlive/2019/texmf-dist/tex/latex/caption/caption.sty
Package: caption 2018/10/06 v3.3-154 Customizing captions (AR)

(/usr/local/texlive/2019/texmf-dist/tex/latex/caption/caption3.sty
Package: caption3 2018/09/12 v1.8c caption3 kernel (AR)
Package caption3 Info: TeX engine: e-TeX on input line 64.
\captionmargin=\dimen105
\captionmargin@=\dimen106
\captionwidth=\dimen107
\caption@tempdima=\dimen108
\caption@indent=\dimen109
\caption@parindent=\dimen110
\caption@hangindent=\dimen111
)
\c@caption@flags=\count92
\c@ContinuedFloat=\count93
)
\c@KVtest=\count94
\sf@farskip=\skip43
\sf@captopadj=\dimen112
\sf@capskip=\skip44
\sf@nearskip=\skip45
\c@subfigure=\count95
\c@subfigure@save=\count96
\c@lofdepth=\count97
\c@subtable=\count98
\c@subtable@save=\count99
\c@lotdepth=\count100
\sf@top=\skip46
\sf@bottom=\skip47
)
\c@sub@fig=\count101
\c@@tabls=\count102

(/usr/local/texlive/2019/texmf-dist/tex/latex/natbib/natbib.sty
Package: natbib 2010/09/13 8.31b (PWD, AO)
\bibhang=\skip48
\bibsep=\skip49
LaTeX Info: Redefining \cite on input line 694.
\c@NAT@ctr=\count103
)
LaTeX Info: Redefining \refname on input line 306.
\seg@abstract=\box27
\c@@append=\count104
)
(/usr/local/texlive/2019/texmf-dist/tex/latex/amsmath/amsmath.sty
Package: amsmath 2018/12/01 v2.17b AMS math features
\@mathmargin=\skip50

For additional information on amsmath, use the `?' option.
(/usr/local/texlive/2019/texmf-dist/tex/latex/amsmath/amstext.sty
Package: amstext 2000/06/29 v2.01 AMS text

(/usr/local/texlive/2019/texmf-dist/tex/latex/amsmath/amsgen.sty
File: amsgen.sty 1999/11/30 v2.0 generic functions
\@emptytoks=\toks17
\ex@=\dimen113
))
(/usr/local/texlive/2019/texmf-dist/tex/latex/amsmath/amsbsy.sty
Package: amsbsy 1999/11/29 v1.2d Bold Symbols
\pmbraise@=\dimen114
)
(/usr/local/texlive/2019/texmf-dist/tex/latex/amsmath/amsopn.sty
Package: amsopn 2016/03/08 v2.02 operator names
)
\inf@bad=\count105
LaTeX Info: Redefining \frac on input line 223.
\uproot@=\count106
\leftroot@=\count107
LaTeX Info: Redefining \overline on input line 385.
\classnum@=\count108
\DOTSCASE@=\count109
LaTeX Info: Redefining \ldots on input line 482.
LaTeX Info: Redefining \dots on input line 485.
LaTeX Info: Redefining \cdots on input line 606.
\Mathstrutbox@=\box28
\strutbox@=\box29
\big@size=\dimen115
LaTeX Font Info:    Redeclaring font encoding OML on input line 729.
LaTeX Font Info:    Redeclaring font encoding OMS on input line 730.
\macc@depth=\count110
\c@MaxMatrixCols=\count111
\dotsspace@=\muskip10
\c@parentequation=\count112
\dspbrk@lvl=\count113
\tag@help=\toks18
\row@=\count114
\column@=\count115
\maxfields@=\count116
\andhelp@=\toks19
\eqnshift@=\dimen116
\alignsep@=\dimen117
\tagshift@=\dimen118
\tagwidth@=\dimen119
\totwidth@=\dimen120
\lineht@=\dimen121
\@envbody=\toks20
\multlinegap=\skip51
\multlinetaggap=\skip52
\mathdisplay@stack=\toks21
LaTeX Info: Redefining \[ on input line 2844.
LaTeX Info: Redefining \] on input line 2845.
)
(/usr/local/texlive/2019/texmf-dist/tex/latex/amsfonts/amssymb.sty
Package: amssymb 2013/01/14 v3.01 AMS font symbols

(/usr/local/texlive/2019/texmf-dist/tex/latex/amsfonts/amsfonts.sty
Package: amsfonts 2013/01/14 v3.01 Basic AMSFonts support
\symAMSa=\mathgroup4
\symAMSb=\mathgroup5
LaTeX Font Info:    Overwriting math alphabet `\mathfrak' in version `bold'
(Font)                  U/euf/m/n --> U/euf/b/n on input line 106.
))
(/usr/local/texlive/2019/texmf-dist/tex/latex/amscls/amsthm.sty
Package: amsthm 2017/10/31 v2.20.4
\thm@style=\toks22
\thm@bodyfont=\toks23
\thm@headfont=\toks24
\thm@notefont=\toks25
\thm@headpunct=\toks26
\thm@preskip=\skip53
\thm@postskip=\skip54
\thm@headsep=\skip55
\dth@everypar=\toks27
)
(/usr/local/texlive/2019/texmf-dist/tex/latex/amsmath/amscd.sty
Package: amscd 2017/04/14 v2.1 AMS Commutative Diagrams
\athelp@=\toks28
\minaw@=\dimen122
\bigaw@=\dimen123
\minCDarrowwidth=\dimen124
)
(/usr/local/texlive/2019/texmf-dist/tex/latex/setspace/setspace.sty
Package: setspace 2011/12/19 v6.7a set line spacing
)
(/usr/local/texlive/2019/texmf-dist/tex/latex/wasysym/wasysym.sty
Package: wasysym 2003/10/30 v2.0 Wasy-2 symbol support package
\symwasy=\mathgroup6
LaTeX Font Info:    Overwriting symbol font `wasy' in version `bold'
(Font)                  U/wasy/m/n --> U/wasy/b/n on input line 90.
)
(/usr/local/texlive/2019/texmf-dist/tex/latex/algorithms/algorithm.sty
Package: algorithm 2009/08/24 v0.1 Document Style `algorithm' - floating enviro
nment

(/usr/local/texlive/2019/texmf-dist/tex/latex/float/float.sty
Package: float 2001/11/08 v1.3d Float enhancements (AL)
\c@float@type=\count117
\float@exts=\toks29
\float@box=\box30
\@float@everytoks=\toks30
\@floatcapt=\box31
)
\@float@every@algorithm=\toks31
\c@algorithm=\count118
)
(/usr/local/texlive/2019/texmf-dist/tex/latex/algorithmicx/algpseudocode.sty
Package: algpseudocode 

(/usr/local/texlive/2019/texmf-dist/tex/latex/algorithmicx/algorithmicx.sty
Package: algorithmicx 2005/04/27 v1.2 Algorithmicx

Document Style algorithmicx 1.2 - a greatly improved `algorithmic' style
\c@ALG@line=\count119
\c@ALG@rem=\count120
\c@ALG@nested=\count121
\ALG@tlm=\skip56
\ALG@thistlm=\skip57
\c@ALG@Lnr=\count122
\c@ALG@blocknr=\count123
\c@ALG@storecount=\count124
\c@ALG@tmpcounter=\count125
\ALG@tmplength=\skip58
)
Document Style - pseudocode environments for use with the `algorithmicx' style
)
\c@lemma=\count126
\c@theorem=\count127
\c@alg=\count128
\c@remark=\count129
\c@cor=\count130
\c@example=\count131
\c@definition=\count132


LaTeX Warning: Unused global option(s):
    [georeport].

(./paper.aux)
\openout1 = `paper.aux'.

LaTeX Font Info:    Checking defaults for OML/cmm/m/it on input line 39.
LaTeX Font Info:    ... okay on input line 39.
LaTeX Font Info:    Checking defaults for T1/cmr/m/n on input line 39.
LaTeX Font Info:    ... okay on input line 39.
LaTeX Font Info:    Checking defaults for OT1/cmr/m/n on input line 39.
LaTeX Font Info:    ... okay on input line 39.
LaTeX Font Info:    Checking defaults for OMS/cmsy/m/n on input line 39.
LaTeX Font Info:    ... okay on input line 39.
LaTeX Font Info:    Checking defaults for OMX/cmex/m/n on input line 39.
LaTeX Font Info:    ... okay on input line 39.
LaTeX Font Info:    Checking defaults for U/cmr/m/n on input line 39.
LaTeX Font Info:    ... okay on input line 39.

(/usr/local/texlive/2019/texmf-dist/tex/context/base/mkii/supp-pdf.mkii
[Loading MPS to PDF converter (version 2006.09.02).]
\scratchcounter=\count133
\scratchdimen=\dimen125
\scratchbox=\box32
\nofMPsegments=\count134
\nofMParguments=\count135
\everyMPshowfont=\toks32
\MPscratchCnt=\count136
\MPscratchDim=\dimen126
\MPnumerator=\count137
\makeMPintoPDFobject=\count138
\everyMPtoPDFconversion=\toks33
) (/usr/local/texlive/2019/texmf-dist/tex/latex/oberdiek/epstopdf-base.sty
Package: epstopdf-base 2016/05/15 v2.6 Base part for package epstopdf

(/usr/local/texlive/2019/texmf-dist/tex/generic/oberdiek/infwarerr.sty
Package: infwarerr 2016/05/16 v1.4 Providing info/warning/error messages (HO)
)
(/usr/local/texlive/2019/texmf-dist/tex/latex/oberdiek/grfext.sty
Package: grfext 2016/05/16 v1.2 Manage graphics extensions (HO)

(/usr/local/texlive/2019/texmf-dist/tex/generic/oberdiek/kvdefinekeys.sty
Package: kvdefinekeys 2016/05/16 v1.4 Define keys (HO)

(/usr/local/texlive/2019/texmf-dist/tex/generic/oberdiek/ltxcmds.sty
Package: ltxcmds 2016/05/16 v1.23 LaTeX kernel commands for general use (HO)
)))
(/usr/local/texlive/2019/texmf-dist/tex/latex/oberdiek/kvoptions.sty
Package: kvoptions 2016/05/16 v3.12 Key value format for package options (HO)

(/usr/local/texlive/2019/texmf-dist/tex/generic/oberdiek/kvsetkeys.sty
Package: kvsetkeys 2016/05/16 v1.17 Key value parser (HO)

(/usr/local/texlive/2019/texmf-dist/tex/generic/oberdiek/etexcmds.sty
Package: etexcmds 2016/05/16 v1.6 Avoid name clashes with e-TeX commands (HO)

(/usr/local/texlive/2019/texmf-dist/tex/generic/oberdiek/ifluatex.sty
Package: ifluatex 2016/05/16 v1.4 Provides the ifluatex switch (HO)
Package ifluatex Info: LuaTeX not detected.
))))
(/usr/local/texlive/2019/texmf-dist/tex/generic/oberdiek/pdftexcmds.sty
Package: pdftexcmds 2018/09/10 v0.29 Utility functions of pdfTeX for LuaTeX (HO
)
Package pdftexcmds Info: LuaTeX not detected.
Package pdftexcmds Info: \pdf@primitive is available.
Package pdftexcmds Info: \pdf@ifprimitive is available.
Package pdftexcmds Info: \pdfdraftmode found.
)
Package epstopdf-base Info: Redefining graphics rule for `.eps' on input line 4
38.
Package grfext Info: Graphics extension search list:
(grfext)             [.pdf,.png,.eps]
(grfext)             \AppendGraphicsExtensions on input line 456.

(/usr/local/texlive/2019/texmf-dist/tex/latex/latexconfig/epstopdf-sys.cfg
File: epstopdf-sys.cfg 2010/07/13 v1.3 Configuration of (r)epstopdf for TeX Liv
e
))
Package caption Info: Begin \AtBeginDocument code.
Package caption Info: subfig package v1.3 is loaded.
Package caption Info: float package is loaded.
Package caption Info: End \AtBeginDocument code.
LaTeX Font Info:    Try loading font information for U+msa on input line 53.

(/usr/local/texlive/2019/texmf-dist/tex/latex/amsfonts/umsa.fd
File: umsa.fd 2013/01/14 v3.01 AMS symbols A
)
LaTeX Font Info:    Try loading font information for U+msb on input line 53.

(/usr/local/texlive/2019/texmf-dist/tex/latex/amsfonts/umsb.fd
File: umsb.fd 2013/01/14 v3.01 AMS symbols B
)
LaTeX Font Info:    Try loading font information for U+wasy on input line 53.

(/usr/local/texlive/2019/texmf-dist/tex/latex/wasysym/uwasy.fd
File: uwasy.fd 2003/10/30 v2.0 Wasy-2 symbol font definitions
) [1

{/Library/TeX/Root/texmf-var/fonts/map/pdftex/updmap/pdftex.map}] [2] [3] [4] [
5]
Overfull \hbox (4.51157pt too wide) in paragraph at lines 362--377
[]\OT1/cmr/m/n/12 As ex-plained in the In-tro-duc-tion, the down-go-ing con-str
aint on the square-integrable
 []

[6] [7] [8] [9] [10] [11] [12] [13] [14] [15] [16]
Overfull \hbox (5.85054pt too wide) in paragraph at lines 1049--1064
[]\OT1/cmr/m/n/12 A deeper study of the pressure-to-source op-er-a-tor (or of t
he closely re-lated Dirichlet-
 []

[17]
LaTeX Font Info:    Try loading font information for OMS+cmr on input line 1071
.
 (/usr/local/texlive/2019/texmf-dist/tex/latex/base/omscmr.fd
File: omscmr.fd 2014/09/29 v2.5h Standard LaTeX font definitions
)
LaTeX Font Info:    Font shape `OMS/cmr/m/n' in size <12> not available
(Font)              Font shape `OMS/cmsy/m/n' tried instead on input line 1071.

 [18]
<././bml0.pdf, id=74, 823.15532pt x 479.15009pt>
File: ././bml0.pdf Graphic file (type pdf)
<use ././bml0.pdf>
Package pdftex.def Info: ././bml0.pdf  used on input line 1201.
(pdftex.def)             Requested size: 433.62pt x 252.41296pt.

[19] [20 <././bml0.pdf>]
<././dsrcphh0.pdf, id=85, 834.71848pt x 666.32942pt>
File: ././dsrcphh0.pdf Graphic file (type pdf)
<use ././dsrcphh0.pdf>
Package pdftex.def Info: ././dsrcphh0.pdf  used on input line 1310.
(pdftex.def)             Requested size: 433.62pt x 346.1476pt.
<././dsrcvzhh0.pdf, id=86, 834.71848pt x 666.32942pt>
File: ././dsrcvzhh0.pdf Graphic file (type pdf)
<use ././dsrcvzhh0.pdf>
Package pdftex.def Info: ././dsrcvzhh0.pdf  used on input line 1314.
(pdftex.def)             Requested size: 433.62pt x 346.1476pt.
<././drecplh0.pdf, id=87, 834.71848pt x 641.03491pt>
File: ././drecplh0.pdf Graphic file (type pdf)
<use ././drecplh0.pdf>
Package pdftex.def Info: ././drecplh0.pdf  used on input line 1354.
(pdftex.def)             Requested size: 433.62pt x 333.0075pt.
<././dfwdplh0.pdf, id=88, 834.71848pt x 641.03491pt>
File: ././dfwdplh0.pdf Graphic file (type pdf)
<use ././dfwdplh0.pdf>
Package pdftex.def Info: ././dfwdplh0.pdf  used on input line 1363.
(pdftex.def)             Requested size: 433.62pt x 333.0075pt.
<././daltplh0.pdf, id=89, 834.71848pt x 641.03491pt>
File: ././daltplh0.pdf Graphic file (type pdf)
<use ././daltplh0.pdf>
Package pdftex.def Info: ././daltplh0.pdf  used on input line 1371.
(pdftex.def)             Requested size: 433.62pt x 333.0075pt.
<././drecplh0tr81.pdf, id=90, 825.3234pt x 640.31218pt>
File: ././drecplh0tr81.pdf Graphic file (type pdf)
<use ././drecplh0tr81.pdf>
Package pdftex.def Info: ././drecplh0tr81.pdf  used on input line 1375.
(pdftex.def)             Requested size: 433.62pt x 336.41318pt.
<././daltplh0tr81.pdf, id=91, 825.3234pt x 640.31218pt>
File: ././daltplh0tr81.pdf Graphic file (type pdf)
<use ././daltplh0tr81.pdf>
Package pdftex.def Info: ././daltplh0tr81.pdf  used on input line 1379.
(pdftex.def)             Requested size: 433.62pt x 336.41318pt.
 [21] [22 <././dsrcphh0.pdf>] [23 <././dsrcvzhh0.pdf>]
[24 <././drecplh0.pdf>] [25 <././dfwdplh0.pdf>] [26 <././daltplh0.pdf>]
[27 <././drecplh0tr81.pdf>] [28 <././daltplh0tr81.pdf>]
<././dhshh0.pdf, id=136, 834.71848pt x 666.32942pt>
File: ././dhshh0.pdf Graphic file (type pdf)
<use ././dhshh0.pdf>
Package pdftex.def Info: ././dhshh0.pdf  used on input line 1414.
(pdftex.def)             Requested size: 433.62pt x 346.1476pt.
<././dfshh0.pdf, id=137, 834.71848pt x 666.32942pt>
File: ././dfshh0.pdf Graphic file (type pdf)
<use ././dfshh0.pdf>
Package pdftex.def Info: ././dfshh0.pdf  used on input line 1417.
(pdftex.def)             Requested size: 433.62pt x 346.1476pt.
<././dinvhslh0.pdf, id=138, 834.71848pt x 666.32942pt>
File: ././dinvhslh0.pdf Graphic file (type pdf)
<use ././dinvhslh0.pdf>
Package pdftex.def Info: ././dinvhslh0.pdf  used on input line 1442.
(pdftex.def)             Requested size: 433.62pt x 346.1476pt.
<././drerecplh0.pdf, id=139, 834.71848pt x 641.03491pt>
File: ././drerecplh0.pdf Graphic file (type pdf)
<use ././drerecplh0.pdf>
Package pdftex.def Info: ././drerecplh0.pdf  used on input line 1447.
(pdftex.def)             Requested size: 433.62pt x 333.0075pt.
<././ddiffrecplh0.pdf, id=140, 834.71848pt x 641.03491pt>
File: ././ddiffrecplh0.pdf Graphic file (type pdf)
<use ././ddiffrecplh0.pdf>
Package pdftex.def Info: ././ddiffrecplh0.pdf  used on input line 1451.
(pdftex.def)             Requested size: 433.62pt x 333.0075pt.
 [29] [30 <././dhshh0.pdf>] [31 <././dfshh0.pdf>] [32 <././dinvhslh0.pdf>] [33 
<././drerecplh0.pdf>]
[34 <././ddiffrecplh0.pdf>]
<././dfwdvzlh0.pdf, id=175, 834.71848pt x 641.03491pt>
File: ././dfwdvzlh0.pdf Graphic file (type pdf)
<use ././dfwdvzlh0.pdf>
Package pdftex.def Info: ././dfwdvzlh0.pdf  used on input line 1544.
(pdftex.def)             Requested size: 433.62pt x 333.0075pt.
<././daltvzlh0.pdf, id=176, 834.71848pt x 641.03491pt>
File: ././daltvzlh0.pdf Graphic file (type pdf)
<use ././daltvzlh0.pdf>
Package pdftex.def Info: ././daltvzlh0.pdf  used on input line 1548.
(pdftex.def)             Requested size: 433.62pt x 333.0075pt.
<././dsvcomplh0.pdf, id=177, 834.71848pt x 641.03491pt>
File: ././dsvcomplh0.pdf Graphic file (type pdf)
<use ././dsvcomplh0.pdf>
Package pdftex.def Info: ././dsvcomplh0.pdf  used on input line 1552.
(pdftex.def)             Requested size: 433.62pt x 333.0075pt.
 [35 <././dfwdvzlh0.pdf>] [36 <././daltvzlh0.pdf>]
[37 <././dsvcomplh0.pdf>]
<././preddnshshh0.pdf, id=198, 834.71848pt x 666.32942pt>
File: ././preddnshshh0.pdf Graphic file (type pdf)
<use ././preddnshshh0.pdf>
Package pdftex.def Info: ././preddnshshh0.pdf  used on input line 1613.
(pdftex.def)             Requested size: 433.62pt x 346.1476pt.
<././ddiffnshshh0.pdf, id=199, 834.71848pt x 666.32942pt>
File: ././ddiffnshshh0.pdf Graphic file (type pdf)
<use ././ddiffnshshh0.pdf>
Package pdftex.def Info: ././ddiffnshshh0.pdf  used on input line 1622.
(pdftex.def)             Requested size: 433.62pt x 346.1476pt.
<././dprednshsrecpll0.pdf, id=200, 834.71848pt x 641.03491pt>
File: ././dprednshsrecpll0.pdf Graphic file (type pdf)
<use ././dprednshsrecpll0.pdf>
Package pdftex.def Info: ././dprednshsrecpll0.pdf  used on input line 1637.
(pdftex.def)             Requested size: 433.62pt x 333.0075pt.
<././ddiffprednshsrecpll0.pdf, id=201, 834.71848pt x 641.03491pt>
File: ././ddiffprednshsrecpll0.pdf Graphic file (type pdf)
<use ././ddiffprednshsrecpll0.pdf>
Package pdftex.def Info: ././ddiffprednshsrecpll0.pdf  used on input line 1642.

(pdftex.def)             Requested size: 433.62pt x 333.0075pt.
 [38 <././preddnshshh0.pdf>] [39 <././ddiffnshshh0.pdf>] [40 <././dprednshsrecp
ll0.pdf>] [41 <././ddiffprednshsrecpll0.pdf>]
<././preddnshstrhh0.pdf, id=226, 834.71848pt x 666.32942pt>
File: ././preddnshstrhh0.pdf Graphic file (type pdf)
<use ././preddnshstrhh0.pdf>
Package pdftex.def Info: ././preddnshstrhh0.pdf  used on input line 1664.
(pdftex.def)             Requested size: 433.62pt x 346.1476pt.
<././ddiffnslamtrhh0.pdf, id=227, 834.71848pt x 666.32942pt>
File: ././ddiffnslamtrhh0.pdf Graphic file (type pdf)
<use ././ddiffnslamtrhh0.pdf>
Package pdftex.def Info: ././ddiffnslamtrhh0.pdf  used on input line 1670.
(pdftex.def)             Requested size: 433.62pt x 346.1476pt.
 [42 <././preddnshstrhh0.pdf>] [43 <././ddiffnslamtrhh0.pdf>]
<././symmdnshshh0.pdf, id=241, 834.71848pt x 666.32942pt>
File: ././symmdnshshh0.pdf Graphic file (type pdf)
<use ././symmdnshshh0.pdf>
Package pdftex.def Info: ././symmdnshshh0.pdf  used on input line 1691.
(pdftex.def)             Requested size: 433.62pt x 346.1476pt.
<././ddiffsymmdnshsll0.pdf, id=242, 834.71848pt x 641.03491pt>
File: ././ddiffsymmdnshsll0.pdf Graphic file (type pdf)
<use ././ddiffsymmdnshsll0.pdf>
Package pdftex.def Info: ././ddiffsymmdnshsll0.pdf  used on input line 1697.
(pdftex.def)             Requested size: 433.62pt x 333.0075pt.
 [44 <././symmdnshshh0.pdf>] [45 <././ddiffsymmdnshsll0.pdf>]
<././lamsstlamrdrecplh0.pdf, id=255, 834.71848pt x 666.32942pt>
File: ././lamsstlamrdrecplh0.pdf Graphic file (type pdf)
<use ././lamsstlamrdrecplh0.pdf>
Package pdftex.def Info: ././lamsstlamrdrecplh0.pdf  used on input line 1730.
(pdftex.def)             Requested size: 433.62pt x 346.1476pt.
<././difflamsstlamrdrecplh0.pdf, id=256, 834.71848pt x 666.32942pt>
File: ././difflamsstlamrdrecplh0.pdf Graphic file (type pdf)
<use ././difflamsstlamrdrecplh0.pdf>
Package pdftex.def Info: ././difflamsstlamrdrecplh0.pdf  used on input line 173
4.
(pdftex.def)             Requested size: 433.62pt x 346.1476pt.
 [46 <././lamsstlamrdrecplh0.pdf>] [47 <././difflamsstlamrdrecplh0.pdf>]
<././compnres0lh0.pdf, id=269, 787.74298pt x 602.00911pt>
File: ././compnres0lh0.pdf Graphic file (type pdf)
<use ././compnres0lh0.pdf>
Package pdftex.def Info: ././compnres0lh0.pdf  used on input line 1761.
(pdftex.def)             Requested size: 433.62pt x 331.3816pt.
<././compnres1lh0.pdf, id=270, 787.74298pt x 602.00911pt>
File: ././compnres1lh0.pdf Graphic file (type pdf)
<use ././compnres1lh0.pdf>
Package pdftex.def Info: ././compnres1lh0.pdf  used on input line 1773.
(pdftex.def)             Requested size: 433.62pt x 331.3816pt.
 [48 <././compnres0lh0.pdf>] [49 <././compnres1lh0.pdf>] [50] [51] (./paper.bbl
 [52]
Underfull \hbox (badness 1314) in paragraph at lines 115--119
[]\OT1/cmr/m/n/12 Symes, W., D. Sun, and M. En-riquez, 2011, From mod-elling to
 in-ver-sion:
 []


Underfull \hbox (badness 1077) in paragraph at lines 115--119
\OT1/cmr/m/n/12 de-sign-ing a well-adapted sim-u-la-tor: Geo-phys-i-cal Prospec
t-ing, \OT1/cmr/bx/n/12 59\OT1/cmr/m/n/12 , 814--833.
 []

[53]) [54] (./paper.aux) ) 
Here is how much of TeX's memory you used:
 5479 strings out of 492609
 80581 string characters out of 6129048
 153096 words of memory out of 5000000
 9270 multiletter control sequences out of 15000+600000
 14841 words of font info for 58 fonts, out of 8000000 for 9000
 1141 hyphenation exceptions out of 8191
 53i,9n,46p,867b,356s stack positions out of 5000i,500n,10000p,200000b,80000s
</usr/local/texlive/2019/texmf-dist/fonts/type1/publi
c/amsfonts/cm/cmbx12.pfb></usr/local/texlive/2019/texmf-dist/fonts/type1/public
/amsfonts/cm/cmbx8.pfb></usr/local/texlive/2019/texmf-dist/fonts/type1/public/a
msfonts/cm/cmex10.pfb></usr/local/texlive/2019/texmf-dist/fonts/type1/public/am
sfonts/cm/cmmi12.pfb></usr/local/texlive/2019/texmf-dist/fonts/type1/public/ams
fonts/cm/cmmi6.pfb></usr/local/texlive/2019/texmf-dist/fonts/type1/public/amsfo
nts/cm/cmmi8.pfb></usr/local/texlive/2019/texmf-dist/fonts/type1/public/amsfont
s/cm/cmr10.pfb></usr/local/texlive/2019/texmf-dist/fonts/type1/public/amsfonts/
cm/cmr12.pfb></usr/local/texlive/2019/texmf-dist/fonts/type1/public/amsfonts/cm
/cmr6.pfb></usr/local/texlive/2019/texmf-dist/fonts/type1/public/amsfonts/cm/cm
r8.pfb></usr/local/texlive/2019/texmf-dist/fonts/type1/public/amsfonts/cm/cmsy1
0.pfb></usr/local/texlive/2019/texmf-dist/fonts/type1/public/amsfonts/cm/cmsy6.
pfb></usr/local/texlive/2019/texmf-dist/fonts/type1/public/amsfonts/cm/cmsy8.pf
b></usr/local/texlive/2019/texmf-dist/fonts/type1/public/amsfonts/cm/cmti12.pfb
></usr/local/texlive/2019/texmf-dist/fonts/type1/public/amsfonts/cm/cmtt12.pfb>

Output written on paper.pdf (54 pages, 670748 bytes).
PDF statistics:
 348 PDF objects out of 1000 (max. 8388607)
 222 compressed objects within 3 object streams
 0 named destinations out of 1000 (max. 500000)
 141 words of extra memory for PDF output out of 10000 (max. 10000000)

