========================== BEGIN PCGNE =========================
Iteration   |  Residual Norm |  Gradient Norm
         1    4.29975577e-02   2.53198719e+00
         2    2.50279326e-02   1.15877616e+00
         3    1.54467793e-02   6.48228705e-01
         4    1.08529218e-02   3.65152717e-01
         5    8.42937827e-03   2.28351489e-01
         6    6.79261191e-03   1.60824731e-01
         7    5.62188262e-03   1.16707794e-01
         8    4.78196330e-03   9.19547901e-02
         9    4.19104146e-03   7.66246468e-02
        10    3.71039868e-03   6.24982305e-02
-----------------------------------------------
        11    3.33797187e-03   5.21011576e-02
=========================== END PCGNE ==========================

 ****************** CGNE summary *****************  
initial residual norm      = 4.29975577e-02
residual norm              = 3.33797187e-03
residual redn              = 7.76316598e-02
initial gradient norm      = 2.53198719e+00
gradient norm              = 5.21011576e-02
gradient redn              = 2.05771811e-02
