========================== BEGIN PCGNE =========================
Iteration   |  Residual Norm |  Gradient Norm
         1    3.61942760e+07   1.47444915e+09
         2    2.52955040e+07   4.76323296e+08
         3    2.34654720e+07   1.90366304e+08
         4    2.32664220e+07   1.07150256e+08
         5    2.31950540e+07   7.93342960e+07
         6    2.31584980e+07   6.99916240e+07
         7    2.31482860e+07   6.96622000e+07
         8    2.31450080e+07   6.86753280e+07
         9    2.31502760e+07   6.83462480e+07
        10    2.31527680e+07   6.93909680e+07
-----------------------------------------------
        11    2.31456460e+07   6.95139440e+07
=========================== END PCGNE ==========================

 ****************** CGNE summary *****************  
initial residual norm      = 3.61942760e+07
residual norm              = 2.31456460e+07
residual redn              = 6.39483631e-01
initial gradient norm      = 1.47444915e+09
gradient norm              = 6.95139440e+07
gradient redn              = 4.71457057e-02
