========================== BEGIN PCGNE =========================
Iteration   |  Residual Norm |  Gradient Norm
         1    9.19461724e+10   6.28858133e+12
         2    6.33137275e+10   1.76862606e+12
         3    5.24781322e+10   6.41923744e+11
         4    5.15720356e+10   3.39871400e+11
         5    5.12952074e+10   2.39828435e+11
         6    5.10790738e+10   1.86389365e+11
         7    5.10791352e+10   1.67050461e+11
         8    5.10346813e+10   1.52385110e+11
         9    5.09864264e+10   1.46715623e+11
        10    5.09678100e+10   1.42238663e+11
-----------------------------------------------
        11    5.09774643e+10   1.40875530e+11
=========================== END PCGNE ==========================

 ****************** CGNE summary *****************  
initial residual norm      = 9.19461724e+10
residual norm              = 5.09774643e+10
residual redn              = 5.54427266e-01
initial gradient norm      = 6.28858133e+12
gradient norm              = 1.40875530e+11
gradient redn              = 2.24017985e-02
