========================== BEGIN PCGNE =========================
Iteration   |  Residual Norm |  Gradient Norm
         1    1.32567376e-01   2.50551987e+00
         2    8.49757269e-02   9.02270615e-01
         3    6.29680455e-02   4.23946202e-01
         4    5.00718988e-02   3.08578640e-01
         5    4.11734246e-02   4.93948787e-01
         6    7.51461759e-02   8.26843500e-01
         7    1.13974392e-01   8.96669805e-01
         8    1.40068680e-01   9.20330226e-01
         9    1.61133096e-01   9.53934789e-01
        10    2.11463332e-01   1.44413185e+00
        11    1.87522367e-01   1.41570759e+00
        12    1.90929040e-01   1.96277606e+00
        13    2.19007269e-01   3.29768467e+00
        14    3.27231586e-01   6.85986948e+00
        15    8.39319587e-01   2.08400898e+01
        16    1.30969219e+01   3.40764679e+02
        17    2.18991871e+01   5.72013794e+02
        18    5.05180550e+00   1.30587524e+02
        19    1.05311930e+00   2.58652458e+01
        20    4.73607242e-01   1.01492023e+01
-----------------------------------------------
        21    3.02199423e-01   5.04085255e+00
=========================== END PCGNE ==========================

 ****************** CGNE summary *****************  
initial residual norm      = 1.32567376e-01
residual norm              = 3.02199423e-01
residual redn              = 2.27959108e+00
initial gradient norm      = 2.50551987e+00
gradient norm              = 5.04085255e+00
gradient redn              = 2.01189876e+00
