========================== BEGIN PCGNE =========================
Iteration   |  Residual Norm |  Gradient Norm
         1    1.32567376e-01   2.19551253e+00
         2    8.64119902e-02   8.03773761e-01
         3    6.29559085e-02   4.04524982e-01
         4    5.03380559e-02   2.41569892e-01
         5    4.18944918e-02   1.65786415e-01
         6    3.59481946e-02   1.23230457e-01
         7    3.13160010e-02   9.72592682e-02
         8    2.77100820e-02   7.86418393e-02
         9    2.49173287e-02   6.50660247e-02
        10    2.26768292e-02   5.65260053e-02
-----------------------------------------------
        11    2.08535902e-02   4.91942577e-02
=========================== END PCGNE ==========================

 ****************** CGNE summary *****************  
initial residual norm      = 1.32567376e-01
residual norm              = 2.08535902e-02
residual redn              = 1.57305598e-01
initial gradient norm      = 2.19551253e+00
gradient norm              = 4.91942577e-02
gradient redn              = 2.24067308e-02
