========================== BEGIN CGNE =========================
Iteration   |  Residual Norm |  Gradient Norm
         1    1.32567376e-01   9.79450924e-05
         2    1.20665237e-01   1.74745495e-04
         3    1.10067330e-01   1.08682645e-04
         4    1.05383545e-01   7.54519788e-05
         5    1.00764051e-01   6.28481284e-05
         6    9.69513506e-02   6.03487533e-05
         7    9.27119926e-02   4.58884570e-05
         8    8.90481845e-02   4.39115865e-05
         9    8.59621167e-02   4.09871645e-05
        10    8.23227838e-02   4.35815928e-05
        11    7.92605504e-02   4.27014675e-05
        12    7.76133314e-02   5.97550788e-05
        13    7.50623047e-02   4.16568146e-05
        14    7.14619383e-02   3.48134454e-05
        15    6.85999393e-02   3.68092878e-05
        16    6.53088316e-02   3.76127427e-05
        17    6.37752339e-02   3.79335834e-05
        18    6.12660609e-02   3.35733057e-05
        19    5.85174002e-02   2.77393119e-05
        20    5.61746396e-02   2.67642426e-05
-----------------------------------------------
        21    5.39411120e-02   2.79296019e-05
=========================== END CGNE ==========================

 ****************** CGNE summary *****************  
initial residual norm      = 1.32567376e-01
residual norm              = 5.39411120e-02
residual redn              = 4.06895816e-01
initial gradient norm      = 9.79450924e-05
gradient norm              = 2.79296019e-05
gradient redn              = 2.85155714e-01
