========================== BEGIN CGNE =========================
Iteration   |  Residual Norm |  Gradient Norm
         1    2.50883907e-01   3.49957612e-04
         2    2.18060300e-01   3.96847638e-04
         3    2.03185141e-01   2.97343679e-04
         4    1.92704082e-01   2.85339018e-04
         5    1.83434263e-01   2.77715473e-04
         6    1.73882395e-01   2.49024830e-04
         7    1.64511278e-01   2.42392649e-04
         8    1.56046242e-01   2.25232972e-04
         9    1.47084385e-01   2.16482513e-04
        10    1.38487384e-01   2.09892169e-04
        11    1.30822241e-01   1.95217377e-04
        12    1.23247981e-01   1.79260212e-04
        13    1.16553463e-01   1.71798296e-04
        14    1.10359266e-01   1.53320114e-04
        15    1.04529470e-01   1.39442534e-04
        16    9.93569568e-02   1.26753919e-04
        17    9.47163552e-02   1.22735015e-04
        18    9.05550942e-02   1.10492496e-04
        19    8.66735652e-02   1.02225495e-04
        20    8.33468586e-02   1.02634243e-04
-----------------------------------------------
        21    8.03543180e-02   1.02862519e-04
=========================== END CGNE ==========================

 ****************** CGNE summary *****************  
initial residual norm      = 2.50883907e-01
residual norm              = 8.03543180e-02
residual redn              = 3.20284873e-01
initial gradient norm      = 3.49957612e-04
gradient norm              = 1.02862519e-04
gradient redn              = 2.93928504e-01
