========================== BEGIN PCGNE =========================
Iteration   |  Residual Norm |  Gradient Norm
         1    2.50883907e-01   1.19631071e+01
         2    9.42125097e-02   2.69108081e+00
         3    6.70039281e-02   1.70298743e+00
         4    5.16042784e-02   9.92124379e-01
         5    4.19889800e-02   8.01181316e-01
         6    3.68015878e-02   5.83593071e-01
         7    3.29599492e-02   5.33485949e-01
         8    3.07380091e-02   4.34653014e-01
         9    2.90539451e-02   4.13201630e-01
        10    2.79776361e-02   3.69696766e-01
-----------------------------------------------
        11    2.71164402e-02   3.58050942e-01
=========================== END PCGNE ==========================

 ****************** CGNE summary *****************  
initial residual norm      = 2.50883907e-01
residual norm              = 2.71164402e-02
residual redn              = 1.08083621e-01
initial gradient norm      = 1.19631071e+01
gradient norm              = 3.58050942e-01
gradient redn              = 2.99295951e-02
