========================== BEGIN PCGNE =========================
Iteration   |  Residual Norm |  Gradient Norm
         1    2.50883907e-01   6.89441109e+00
         2    1.18942171e-01   2.66392207e+00
         3    7.03184232e-02   1.10846794e+00
         4    5.15148342e-02   6.83876038e-01
         5    4.13431711e-02   4.61543351e-01
         6    3.50607708e-02   3.48029107e-01
         7    3.10531463e-02   2.71396458e-01
         8    2.83174179e-02   2.21747950e-01
         9    2.63601393e-02   1.83933064e-01
        10    2.49932427e-02   1.60866663e-01
-----------------------------------------------
        11    2.39612553e-02   1.46033272e-01
=========================== END PCGNE ==========================

 ****************** CGNE summary *****************  
initial residual norm      = 2.50883907e-01
residual norm              = 2.39612553e-02
residual redn              = 9.55073461e-02
initial gradient norm      = 6.89441109e+00
gradient norm              = 1.46033272e-01
gradient redn              = 2.11813990e-02
