========================== BEGIN CGNE =========================
Iteration   |  Residual Norm |  Gradient Norm
         1    2.50883907e-01   2.06906028e-04
         2    2.11527959e-01   1.23586302e-04
         3    1.93715423e-01   1.00169396e-04
         4    1.79163083e-01   9.69018802e-05
         5    1.64154008e-01   9.32183611e-05
         6    1.47441313e-01   8.68227726e-05
         7    1.32597432e-01   7.44872232e-05
         8    1.20940886e-01   6.83080798e-05
         9    1.11524783e-01   5.57000349e-05
        10    1.03391834e-01   5.03123520e-05
        11    9.70416740e-02   4.44237339e-05
        12    9.14672911e-02   4.11237088e-05
        13    8.63379091e-02   3.77963879e-05
        14    8.15358013e-02   3.53451178e-05
        15    7.70760477e-02   3.34034703e-05
        16    7.26942420e-02   3.14817880e-05
        17    6.85755685e-02   3.00511110e-05
        18    6.44731000e-02   2.88680549e-05
        19    6.06474578e-02   2.66172028e-05
        20    5.71314394e-02   2.49373679e-05
-----------------------------------------------
        21    5.40441014e-02   2.32873826e-05
=========================== END CGNE ==========================

 ****************** CGNE summary *****************  
initial residual norm      = 2.50883907e-01
residual norm              = 5.40441014e-02
residual redn              = 2.15414777e-01
initial gradient norm      = 2.06906028e-04
gradient norm              = 2.32873826e-05
gradient redn              = 1.12550527e-01
